2026-06-14 20:02:03,208 [INFO] 12_logistic prepare_data:35: ==================================================
2026-06-14 20:02:03,208 [INFO] 12_logistic prepare_data:36: Logistic 回归 —— 数据准备...
2026-06-14 20:02:03,210 [INFO] 12_logistic prepare_data:53:   Risk_Tag 类别: ['普通问题', '仇恨言论', '偏见歧视', '心理健康', '政治敏感', '暴力内容', '色情内容', '违法犯罪', '隐私侵犯']
2026-06-14 20:02:03,212 [INFO] 12_logistic prepare_data:54:   有效样本: 1000
2026-06-14 20:02:03,212 [INFO] 12_logistic run_logistic:65: ==================================================
2026-06-14 20:02:03,212 [INFO] 12_logistic run_logistic:66: 拟合 Logistic 回归模型...
2026-06-14 20:02:03,232 [INFO] 12_logistic run_logistic:88:   Pseudo R²: 0.1507
2026-06-14 20:02:03,232 [INFO] 12_logistic run_logistic:89:   Log-Likelihood: -69.67
2026-06-14 20:02:03,232 [INFO] 12_logistic run_logistic:90:   AIC: 157.35
2026-06-14 20:02:03,232 [INFO] 12_logistic run_logistic:91:   BIC: 201.52
2026-06-14 20:02:03,236 [INFO] 12_logistic run_logistic:110: 
                                              变量  系数(Beta)    标准误(SE)      t值       p值  CI_95_Lower  CI_95_Upper      OR 显著性
                                       Intercept -4.949523   0.501517 -9.8691 0.000000    -5.932479    -3.966567  0.0071 ***
C(risk_tag, Treatment(reference='普通问题'))[T.仇恨言论] -8.342719 114.755185 -0.0727 0.942045  -233.258748   216.573310  0.0002    
C(risk_tag, Treatment(reference='普通问题'))[T.偏见歧视] -8.614257 124.697156 -0.0691 0.944925  -253.016191   235.787677  0.0002    
C(risk_tag, Treatment(reference='普通问题'))[T.心理健康] -8.991361 138.612277 -0.0649 0.948280  -280.666431   262.683709  0.0001    
C(risk_tag, Treatment(reference='普通问题'))[T.政治敏感]  1.838394   0.878978  2.0915 0.036482     0.115628     3.561160  6.2864   *
C(risk_tag, Treatment(reference='普通问题'))[T.暴力内容] -8.797423 131.497717 -0.0669 0.946660  -266.528212   248.933366  0.0002    
C(risk_tag, Treatment(reference='普通问题'))[T.色情内容]  2.004958   0.776168  2.5831 0.009790     0.483697     3.526219  7.4258  **
C(risk_tag, Treatment(reference='普通问题'))[T.违法犯罪]  2.608076   0.686065  3.8015 0.000144     1.263413     3.952739 13.5729 ***
C(risk_tag, Treatment(reference='普通问题'))[T.隐私侵犯]  1.596080   0.877937  1.8180 0.069066    -0.124646     3.316805  4.9337    
2026-06-14 20:02:03,239 [INFO] 12_logistic run_logistic:114: 
模型摘要:
                           Logit Regression Results                           
==============================================================================
Dep. Variable:                   diff   No. Observations:                 1000
Model:                          Logit   Df Residuals:                      991
Method:                           MLE   Df Model:                            8
Date:                Sun, 14 Jun 2026   Pseudo R-squ.:                  0.1507
Time:                        20:02:03   Log-Likelihood:                -69.675
converged:                       True   LL-Null:                       -82.034
Covariance Type:            nonrobust   LLR p-value:                  0.001735
====================================================================================================================
                                                       coef    std err          z      P>|z|      [0.025      0.975]
--------------------------------------------------------------------------------------------------------------------
Intercept                                           -4.9495      0.502     -9.869      0.000      -5.932      -3.967
C(risk_tag, Treatment(reference='普通问题'))[T.仇恨言论]    -8.3427    114.755     -0.073      0.942    -233.259     216.573
C(risk_tag, Treatment(reference='普通问题'))[T.偏见歧视]    -8.6143    124.697     -0.069      0.945    -253.016     235.788
C(risk_tag, Treatment(reference='普通问题'))[T.心理健康]    -8.9914    138.612     -0.065      0.948    -280.666     262.684
C(risk_tag, Treatment(reference='普通问题'))[T.政治敏感]     1.8384      0.879      2.092      0.036       0.116       3.561
C(risk_tag, Treatment(reference='普通问题'))[T.暴力内容]    -8.7974    131.498     -0.067      0.947    -266.528     248.933
C(risk_tag, Treatment(reference='普通问题'))[T.色情内容]     2.0050      0.776      2.583      0.010       0.484       3.526
C(risk_tag, Treatment(reference='普通问题'))[T.违法犯罪]     2.6081      0.686      3.801      0.000       1.263       3.953
C(risk_tag, Treatment(reference='普通问题'))[T.隐私侵犯]     1.5961      0.878      1.818      0.069      -0.125       3.317
====================================================================================================================

Possibly complete quasi-separation: A fraction 0.21 of observations can be
perfectly predicted. This might indicate that there is complete
quasi-separation. In this case some parameters will not be identified.
2026-06-14 20:02:03,239 [INFO] 12_logistic feature_importance:124: ==================================================
2026-06-14 20:02:03,239 [INFO] 12_logistic feature_importance:125: 特征重要性（基于 OR）...
2026-06-14 20:02:03,243 [INFO] 12_logistic feature_importance:134: 
                                              变量  系数(Beta)    标准误(SE)      t值       p值  CI_95_Lower  CI_95_Upper      OR 显著性   OR偏离度
C(risk_tag, Treatment(reference='普通问题'))[T.违法犯罪]  2.608076   0.686065  3.8015 0.000144     1.263413     3.952739 13.5729 *** 12.5729
C(risk_tag, Treatment(reference='普通问题'))[T.色情内容]  2.004958   0.776168  2.5831 0.009790     0.483697     3.526219  7.4258  **  6.4258
C(risk_tag, Treatment(reference='普通问题'))[T.政治敏感]  1.838394   0.878978  2.0915 0.036482     0.115628     3.561160  6.2864   *  5.2864
C(risk_tag, Treatment(reference='普通问题'))[T.隐私侵犯]  1.596080   0.877937  1.8180 0.069066    -0.124646     3.316805  4.9337      3.9337
C(risk_tag, Treatment(reference='普通问题'))[T.心理健康] -8.991361 138.612277 -0.0649 0.948280  -280.666431   262.683709  0.0001      0.9999
C(risk_tag, Treatment(reference='普通问题'))[T.偏见歧视] -8.614257 124.697156 -0.0691 0.944925  -253.016191   235.787677  0.0002      0.9998
C(risk_tag, Treatment(reference='普通问题'))[T.仇恨言论] -8.342719 114.755185 -0.0727 0.942045  -233.258748   216.573310  0.0002      0.9998
C(risk_tag, Treatment(reference='普通问题'))[T.暴力内容] -8.797423 131.497717 -0.0669 0.946660  -266.528212   248.933366  0.0002      0.9998
2026-06-14 20:02:03,256 [INFO] 12_logistic save_results:145:   Logistic 结果已保存: E:\Cache\project\repos\Safety-Prompts-main\output\logistic_result.xlsx
2026-06-14 20:02:03,265 [INFO] 12_logistic save_results:149:   特征重要性已保存: E:\Cache\project\repos\Safety-Prompts-main\output\feature_importance.xlsx
