2026-06-14 20:09:11,556 [INFO] 01_load_data load_data:34: 读取数据文件: E:\Cache\project\repos\Safety-Prompts-main\referrance\safety_eval.xlsx
2026-06-14 20:09:11,980 [INFO] 01_load_data load_data:39: 成功读取 1000 行, 8 列
2026-06-14 20:09:11,980 [INFO] 01_load_data check_data:54: ==================================================
2026-06-14 20:09:11,980 [INFO] 01_load_data check_data:55: 开始数据质量检查...
2026-06-14 20:09:11,980 [INFO] 01_load_data check_data:61:   ✓ 必需列校验通过 (7 列)
2026-06-14 20:09:11,981 [INFO] 01_load_data check_data:76:   ✓ 无缺失值
2026-06-14 20:09:11,982 [INFO] 01_load_data check_data:85:   ✓ 无重复值 (按 index)
2026-06-14 20:09:11,982 [INFO] 01_load_data check_data:93:   总行数: 1000
2026-06-14 20:09:11,982 [INFO] 01_load_data check_data:94:   subject 类别数: 11
2026-06-14 20:09:11,983 [INFO] 01_load_data check_data:95:   subject 分布:
subject
不违规     487
淫秽色情     60
心理健康     59
财产隐私     59
违法犯罪     57
身体伤害     54
偏见歧视     50
政治错误     47
脏话侮辱     45
变体词      44
道德伦理     38
2026-06-14 20:09:11,983 [INFO] 01_load_data check_data:96:   标准模型拒答数: 16
2026-06-14 20:09:11,983 [INFO] 01_load_data check_data:97:   Uncensored 拒答数: 0
2026-06-14 20:09:11,983 [INFO] 01_load_data check_data:99: 数据检查完成
2026-06-14 20:09:11,983 [INFO] 02_build_diff build_diff:27: ==================================================
2026-06-14 20:09:11,983 [INFO] 02_build_diff build_diff:28: 生成 Diff 变量...
2026-06-14 20:09:11,984 [INFO] 02_build_diff build_diff:44:   Diff 分布:
2026-06-14 20:09:11,984 [INFO] 02_build_diff build_diff:45:     Diff = 0 (行为一致): 984 (98.4%)
2026-06-14 20:09:11,984 [INFO] 02_build_diff build_diff:46:     Diff = 1 (行为不同): 16 (1.6%)
2026-06-14 20:09:11,989 [INFO] 02_build_diff build_diff:50:   行为交叉表:
Uncensored拒答  False
标准模型拒答             
False           984
True             16
2026-06-14 20:09:11,989 [INFO] 03_build_risktag build_risktag:22: ==================================================
2026-06-14 20:09:11,989 [INFO] 03_build_risktag build_risktag:23: 生成 Risk_Tag 变量...
2026-06-14 20:09:11,990 [INFO] 03_build_risktag build_risktag:33:   Risk_Tag 分布 (9 类):
2026-06-14 20:09:11,990 [INFO] 03_build_risktag build_risktag:35:     普通问题: 569 (56.9%)
2026-06-14 20:09:11,990 [INFO] 03_build_risktag build_risktag:35:     色情内容: 60 (6.0%)
2026-06-14 20:09:11,990 [INFO] 03_build_risktag build_risktag:35:     心理健康: 59 (5.9%)
2026-06-14 20:09:11,990 [INFO] 03_build_risktag build_risktag:35:     隐私侵犯: 59 (5.9%)
2026-06-14 20:09:11,990 [INFO] 03_build_risktag build_risktag:35:     违法犯罪: 57 (5.7%)
2026-06-14 20:09:11,990 [INFO] 03_build_risktag build_risktag:35:     暴力内容: 54 (5.4%)
2026-06-14 20:09:11,990 [INFO] 03_build_risktag build_risktag:35:     偏见歧视: 50 (5.0%)
2026-06-14 20:09:11,990 [INFO] 03_build_risktag build_risktag:35:     政治敏感: 47 (4.7%)
2026-06-14 20:09:11,990 [INFO] 03_build_risktag build_risktag:35:     仇恨言论: 45 (4.5%)
2026-06-14 20:09:11,990 [WARNING] 03_build_risktag build_risktag:40:   ⚠ 以下 subject 未命中规则，已标为'普通问题': {'变体词', '道德伦理'}
2026-06-14 20:09:12,092 [INFO] 05_similarity compute_similarity:41: ==================================================
2026-06-14 20:09:12,093 [INFO] 05_similarity compute_similarity:42: 计算 Similarity (余弦相似度)...
2026-06-14 20:09:12,133 [INFO] 05_similarity compute_similarity:58:   有效样本: 1000, 缺失: 0
2026-06-14 20:09:12,133 [INFO] 05_similarity compute_similarity:60:   Similarity 均值:   0.7326
2026-06-14 20:09:12,133 [INFO] 05_similarity compute_similarity:61:   Similarity 中位数: 0.7336
2026-06-14 20:09:12,133 [INFO] 05_similarity compute_similarity:62:   Similarity 标准差: 0.1034
2026-06-14 20:09:12,133 [INFO] 05_similarity compute_similarity:63:   Similarity 最小值: 0.4301
2026-06-14 20:09:12,133 [INFO] 05_similarity compute_similarity:64:   Similarity 最大值: 0.9896
2026-06-14 20:09:12,134 [INFO] 06_divergence compute_divergence:21: ==================================================
2026-06-14 20:09:12,134 [INFO] 06_divergence compute_divergence:22: 计算 Divergence (1 - Similarity)...
2026-06-14 20:09:12,134 [INFO] 06_divergence compute_divergence:30:   Divergence 均值:   0.2674
2026-06-14 20:09:12,134 [INFO] 06_divergence compute_divergence:31:   Divergence 中位数: 0.2664
2026-06-14 20:09:12,134 [INFO] 06_divergence compute_divergence:32:   Divergence 标准差: 0.1034
2026-06-14 20:09:12,134 [INFO] 06_divergence compute_divergence:33:   Divergence 最小值: 0.0104
2026-06-14 20:09:12,134 [INFO] 06_divergence compute_divergence:34:   Divergence 最大值: 0.5699
2026-06-14 20:09:12,796 [INFO] 07_descriptive viz_similarity_distribution:161:   [Viz] Similarity/Divergence 分布图已保存: E:\Cache\project\repos\Safety-Prompts-main\output\viz_02_similarity_distribution.png
2026-06-14 20:09:12,955 [INFO] 07_descriptive viz_similarity_by_diff:183:   [Viz] Similarity 箱线图已保存: E:\Cache\project\repos\Safety-Prompts-main\output\viz_03_similarity_by_diff.png
2026-06-14 20:09:13,247 [INFO] 11_divergence_analysis viz_divergence_by_diff:155:   [Viz] Divergence 箱线/小提琴图已保存: E:\Cache\project\repos\Safety-Prompts-main\output\viz_08_divergence_by_diff.png
2026-06-14 20:09:13,526 [INFO] 11_divergence_analysis viz_divergence_by_risk:180:   [Viz] Divergence 按风险箱线图已保存: E:\Cache\project\repos\Safety-Prompts-main\output\viz_09_divergence_by_risk.png
2026-06-14 20:09:13,527 [INFO] 12_logistic prepare_data:36: ==================================================
2026-06-14 20:09:13,527 [INFO] 12_logistic prepare_data:37: Logistic 回归 —— 数据准备...
2026-06-14 20:09:13,530 [INFO] 12_logistic prepare_data:54:   Risk_Tag 类别: ['普通问题', '仇恨言论', '偏见歧视', '心理健康', '政治敏感', '暴力内容', '色情内容', '违法犯罪', '隐私侵犯']
2026-06-14 20:09:13,531 [INFO] 12_logistic prepare_data:55:   有效样本: 1000
2026-06-14 20:09:13,531 [INFO] 12_logistic run_logistic:66: ==================================================
2026-06-14 20:09:13,531 [INFO] 12_logistic run_logistic:67: 拟合 Logistic 回归模型...
2026-06-14 20:09:13,556 [INFO] 12_logistic run_logistic:89:   Pseudo R²: 0.1507
2026-06-14 20:09:13,556 [INFO] 12_logistic run_logistic:90:   Log-Likelihood: -69.67
2026-06-14 20:09:13,556 [INFO] 12_logistic run_logistic:91:   AIC: 157.35
2026-06-14 20:09:13,556 [INFO] 12_logistic run_logistic:92:   BIC: 201.52
2026-06-14 20:09:13,561 [INFO] 12_logistic run_logistic:111: 
                                              变量  系数(Beta)    标准误(SE)      t值       p值  CI_95_Lower  CI_95_Upper      OR 显著性
                                       Intercept -4.949523   0.501517 -9.8691 0.000000    -5.932479    -3.966567  0.0071 ***
C(risk_tag, Treatment(reference='普通问题'))[T.仇恨言论] -8.342719 114.755185 -0.0727 0.942045  -233.258748   216.573310  0.0002    
C(risk_tag, Treatment(reference='普通问题'))[T.偏见歧视] -8.614257 124.697156 -0.0691 0.944925  -253.016191   235.787677  0.0002    
C(risk_tag, Treatment(reference='普通问题'))[T.心理健康] -8.991361 138.612277 -0.0649 0.948280  -280.666431   262.683709  0.0001    
C(risk_tag, Treatment(reference='普通问题'))[T.政治敏感]  1.838394   0.878978  2.0915 0.036482     0.115628     3.561160  6.2864   *
C(risk_tag, Treatment(reference='普通问题'))[T.暴力内容] -8.797423 131.497717 -0.0669 0.946660  -266.528212   248.933366  0.0002    
C(risk_tag, Treatment(reference='普通问题'))[T.色情内容]  2.004958   0.776168  2.5831 0.009790     0.483697     3.526219  7.4258  **
C(risk_tag, Treatment(reference='普通问题'))[T.违法犯罪]  2.608076   0.686065  3.8015 0.000144     1.263413     3.952739 13.5729 ***
C(risk_tag, Treatment(reference='普通问题'))[T.隐私侵犯]  1.596080   0.877937  1.8180 0.069066    -0.124646     3.316805  4.9337    
2026-06-14 20:09:13,564 [INFO] 12_logistic run_logistic:115: 
模型摘要:
                           Logit Regression Results                           
==============================================================================
Dep. Variable:                   diff   No. Observations:                 1000
Model:                          Logit   Df Residuals:                      991
Method:                           MLE   Df Model:                            8
Date:                Sun, 14 Jun 2026   Pseudo R-squ.:                  0.1507
Time:                        20:09:13   Log-Likelihood:                -69.675
converged:                       True   LL-Null:                       -82.034
Covariance Type:            nonrobust   LLR p-value:                  0.001735
====================================================================================================================
                                                       coef    std err          z      P>|z|      [0.025      0.975]
--------------------------------------------------------------------------------------------------------------------
Intercept                                           -4.9495      0.502     -9.869      0.000      -5.932      -3.967
C(risk_tag, Treatment(reference='普通问题'))[T.仇恨言论]    -8.3427    114.755     -0.073      0.942    -233.259     216.573
C(risk_tag, Treatment(reference='普通问题'))[T.偏见歧视]    -8.6143    124.697     -0.069      0.945    -253.016     235.788
C(risk_tag, Treatment(reference='普通问题'))[T.心理健康]    -8.9914    138.612     -0.065      0.948    -280.666     262.684
C(risk_tag, Treatment(reference='普通问题'))[T.政治敏感]     1.8384      0.879      2.092      0.036       0.116       3.561
C(risk_tag, Treatment(reference='普通问题'))[T.暴力内容]    -8.7974    131.498     -0.067      0.947    -266.528     248.933
C(risk_tag, Treatment(reference='普通问题'))[T.色情内容]     2.0050      0.776      2.583      0.010       0.484       3.526
C(risk_tag, Treatment(reference='普通问题'))[T.违法犯罪]     2.6081      0.686      3.801      0.000       1.263       3.953
C(risk_tag, Treatment(reference='普通问题'))[T.隐私侵犯]     1.5961      0.878      1.818      0.069      -0.125       3.317
====================================================================================================================

Possibly complete quasi-separation: A fraction 0.21 of observations can be
perfectly predicted. This might indicate that there is complete
quasi-separation. In this case some parameters will not be identified.
2026-06-14 20:09:13,565 [INFO] 12_logistic feature_importance:125: ==================================================
2026-06-14 20:09:13,565 [INFO] 12_logistic feature_importance:126: 特征重要性（基于 OR）...
2026-06-14 20:09:13,569 [INFO] 12_logistic feature_importance:135: 
                                              变量  系数(Beta)    标准误(SE)      t值       p值  CI_95_Lower  CI_95_Upper      OR 显著性   OR偏离度
C(risk_tag, Treatment(reference='普通问题'))[T.违法犯罪]  2.608076   0.686065  3.8015 0.000144     1.263413     3.952739 13.5729 *** 12.5729
C(risk_tag, Treatment(reference='普通问题'))[T.色情内容]  2.004958   0.776168  2.5831 0.009790     0.483697     3.526219  7.4258  **  6.4258
C(risk_tag, Treatment(reference='普通问题'))[T.政治敏感]  1.838394   0.878978  2.0915 0.036482     0.115628     3.561160  6.2864   *  5.2864
C(risk_tag, Treatment(reference='普通问题'))[T.隐私侵犯]  1.596080   0.877937  1.8180 0.069066    -0.124646     3.316805  4.9337      3.9337
C(risk_tag, Treatment(reference='普通问题'))[T.心理健康] -8.991361 138.612277 -0.0649 0.948280  -280.666431   262.683709  0.0001      0.9999
C(risk_tag, Treatment(reference='普通问题'))[T.偏见歧视] -8.614257 124.697156 -0.0691 0.944925  -253.016191   235.787677  0.0002      0.9998
C(risk_tag, Treatment(reference='普通问题'))[T.仇恨言论] -8.342719 114.755185 -0.0727 0.942045  -233.258748   216.573310  0.0002      0.9998
C(risk_tag, Treatment(reference='普通问题'))[T.暴力内容] -8.797423 131.497717 -0.0669 0.946660  -266.528212   248.933366  0.0002      0.9998
2026-06-14 20:09:13,581 [INFO] 12_logistic save_results:145:   Logistic 结果已保存: E:\Cache\project\repos\Safety-Prompts-main\output\logistic_result.xlsx
2026-06-14 20:09:13,590 [INFO] 12_logistic save_results:149:   特征重要性已保存: E:\Cache\project\repos\Safety-Prompts-main\output\feature_importance.xlsx
2026-06-14 20:09:13,925 [INFO] 12_logistic viz_logistic_coefficients:197:   [Viz] Logistic 系数图已保存: E:\Cache\project\repos\Safety-Prompts-main\output\viz_10_logistic_coefficients.png
