2026-06-14 18:41:38,579 [INFO] Main run_all:37: ======================================================================
2026-06-14 18:41:38,579 [INFO] Main run_all:38: 安全审查机制分析 —— 全流程启动
2026-06-14 18:41:38,579 [INFO] Main run_all:39:   输入数据: E:\Cache\project\repos\Safety-Prompts-main\referrance\safety_eval.xlsx
2026-06-14 18:41:38,579 [INFO] Main run_all:40:   输出目录: E:\Cache\project\repos\Safety-Prompts-main\output
2026-06-14 18:41:38,579 [INFO] Main run_all:41: ======================================================================
2026-06-14 18:41:38,579 [INFO] Main run_all:48: 
██████████████████████████████████████████████████████████████████████
2026-06-14 18:41:38,580 [INFO] Main run_all:49: 阶段一: 数据加载与特征工程
2026-06-14 18:41:38,580 [INFO] Main run_all:50: ██████████████████████████████████████████████████████████████████████
2026-06-14 18:41:38,580 [INFO] 01_load_data load_data:34: 读取数据文件: E:\Cache\project\repos\Safety-Prompts-main\referrance\safety_eval.xlsx
2026-06-14 18:41:38,889 [INFO] 01_load_data load_data:39: 成功读取 1000 行, 8 列
2026-06-14 18:41:38,889 [INFO] 01_load_data check_data:54: ==================================================
2026-06-14 18:41:38,889 [INFO] 01_load_data check_data:55: 开始数据质量检查...
2026-06-14 18:41:38,889 [INFO] 01_load_data check_data:61:   ✓ 必需列校验通过 (7 列)
2026-06-14 18:41:38,889 [INFO] 01_load_data check_data:76:   ✓ 无缺失值
2026-06-14 18:41:38,889 [INFO] 01_load_data check_data:85:   ✓ 无重复值 (按 index)
2026-06-14 18:41:38,892 [INFO] 01_load_data check_data:93:   总行数: 1000
2026-06-14 18:41:38,892 [INFO] 01_load_data check_data:94:   subject 类别数: 11
2026-06-14 18:41:38,892 [INFO] 01_load_data check_data:95:   subject 分布:
subject
不违规     487
淫秽色情     60
心理健康     59
财产隐私     59
违法犯罪     57
身体伤害     54
偏见歧视     50
政治错误     47
脏话侮辱     45
变体词      44
道德伦理     38
2026-06-14 18:41:38,892 [INFO] 01_load_data check_data:96:   标准模型拒答数: 16
2026-06-14 18:41:38,892 [INFO] 01_load_data check_data:97:   Uncensored 拒答数: 0
2026-06-14 18:41:38,892 [INFO] 01_load_data check_data:99: 数据检查完成
2026-06-14 18:41:38,892 [INFO] Main run_all:54: [01/13] 数据读取与检查完成
2026-06-14 18:41:38,892 [INFO] 02_build_diff build_diff:27: ==================================================
2026-06-14 18:41:38,892 [INFO] 02_build_diff build_diff:28: 生成 Diff 变量...
2026-06-14 18:41:38,892 [INFO] 02_build_diff build_diff:44:   Diff 分布:
2026-06-14 18:41:38,892 [INFO] 02_build_diff build_diff:45:     Diff = 0 (行为一致): 984 (98.4%)
2026-06-14 18:41:38,892 [INFO] 02_build_diff build_diff:46:     Diff = 1 (行为不同): 16 (1.6%)
2026-06-14 18:41:38,897 [INFO] 02_build_diff build_diff:50:   行为交叉表:
Uncensored拒答  False
标准模型拒答             
False           984
True             16
2026-06-14 18:41:38,897 [INFO] Main run_all:58: [02/13] Diff 变量生成完成
2026-06-14 18:41:38,897 [INFO] 03_build_risktag build_risktag:22: ==================================================
2026-06-14 18:41:38,897 [INFO] 03_build_risktag build_risktag:23: 生成 Risk_Tag 变量...
2026-06-14 18:41:38,898 [INFO] 03_build_risktag build_risktag:33:   Risk_Tag 分布 (9 类):
2026-06-14 18:41:38,898 [INFO] 03_build_risktag build_risktag:35:     普通问题: 569 (56.9%)
2026-06-14 18:41:38,898 [INFO] 03_build_risktag build_risktag:35:     色情内容: 60 (6.0%)
2026-06-14 18:41:38,898 [INFO] 03_build_risktag build_risktag:35:     心理健康: 59 (5.9%)
2026-06-14 18:41:38,898 [INFO] 03_build_risktag build_risktag:35:     隐私侵犯: 59 (5.9%)
2026-06-14 18:41:38,900 [INFO] 03_build_risktag build_risktag:35:     违法犯罪: 57 (5.7%)
2026-06-14 18:41:38,900 [INFO] 03_build_risktag build_risktag:35:     暴力内容: 54 (5.4%)
2026-06-14 18:41:38,900 [INFO] 03_build_risktag build_risktag:35:     偏见歧视: 50 (5.0%)
2026-06-14 18:41:38,900 [INFO] 03_build_risktag build_risktag:35:     政治敏感: 47 (4.7%)
2026-06-14 18:41:38,900 [INFO] 03_build_risktag build_risktag:35:     仇恨言论: 45 (4.5%)
2026-06-14 18:41:38,900 [WARNING] 03_build_risktag build_risktag:40:   ⚠ 以下 subject 未命中规则，已标为'普通问题': {'道德伦理', '变体词'}
2026-06-14 18:41:38,900 [INFO] Main run_all:62: [03/13] Risk Tag 生成完成
2026-06-14 18:41:38,900 [INFO] Main run_all:69: [04/13] BGE 向量计算已跳过
2026-06-14 18:41:38,900 [WARNING] Main run_all:76: [05/13] 无向量列，跳过 Similarity
2026-06-14 18:41:38,901 [WARNING] Main run_all:83: [06/13] 无 Similarity 列，跳过 Divergence
2026-06-14 18:41:38,901 [INFO] Main run_all:86: 保存特征数据...
2026-06-14 18:41:39,024 [INFO] Main run_all:89: 特征数据已保存: E:\Cache\project\repos\Safety-Prompts-main\output\data_with_features.xlsx
2026-06-14 18:41:39,024 [INFO] Main run_all:92: 
██████████████████████████████████████████████████████████████████████
2026-06-14 18:41:39,024 [INFO] Main run_all:93: 阶段二: 统计检验
2026-06-14 18:41:39,024 [INFO] Main run_all:94: ██████████████████████████████████████████████████████████████████████
2026-06-14 18:41:39,024 [INFO] 07_descriptive descriptive_stats:30: ==================================================
2026-06-14 18:41:39,024 [INFO] 07_descriptive descriptive_stats:31: 执行描述统计...
2026-06-14 18:41:39,029 [INFO] 07_descriptive descriptive_stats:61:   Diff组拒答率:
      标准模型拒答数  Uncensored拒答数  样本数  标准模型拒答率  Uncensored拒答率
Diff                                                     
0           0              0  984      0.0            0.0
1          16              0   16      1.0            0.0
2026-06-14 18:41:39,033 [INFO] 07_descriptive descriptive_stats:77:   Risk_Tag 行为差异率:
          样本数  行为差异数    行为差异比例
Risk_Tag                      
违法犯罪       57      5  0.087719
色情内容       60      3  0.050000
政治敏感       47      2  0.042553
隐私侵犯       59      2  0.033898
普通问题      569      4  0.007030
仇恨言论       45      0  0.000000
心理健康       59      0  0.000000
偏见歧视       50      0  0.000000
暴力内容       54      0  0.000000
2026-06-14 18:41:39,049 [INFO] 07_descriptive save_results:102:   描述统计已保存: E:\Cache\project\repos\Safety-Prompts-main\output\descriptive_statistics.xlsx
2026-06-14 18:41:39,049 [INFO] Main run_all:97: [07/13] 描述统计完成
2026-06-14 18:41:39,049 [INFO] 08_mcnemar mcnemar_test_overall:39: ==================================================
2026-06-14 18:41:39,049 [INFO] 08_mcnemar mcnemar_test_overall:40: McNemar 检验 —— 整体
2026-06-14 18:41:39,049 [INFO] 08_mcnemar mcnemar_test_overall:51:   配对列联表:
               Uncensored Yes  Uncensored No
  标准 Yes             0             16
  标准 No              0            984
2026-06-14 18:41:39,050 [INFO] 08_mcnemar mcnemar_test_overall:58:   McNemar χ² (连续性校正) = 14.0625
2026-06-14 18:41:39,050 [INFO] 08_mcnemar mcnemar_test_overall:59:   p-value = 0.000177
2026-06-14 18:41:39,050 [INFO] 08_mcnemar mcnemar_test_overall:60:   *** 显著差异
2026-06-14 18:41:39,050 [INFO] 08_mcnemar mcnemar_test_by_risk:79: ==================================================
2026-06-14 18:41:39,050 [INFO] 08_mcnemar mcnemar_test_by_risk:80: McNemar 检验 —— 按 Risk_Tag 分层
2026-06-14 18:41:39,056 [INFO] 08_mcnemar mcnemar_test_by_risk:123: 
Risk_Tag  样本数  a(都拒答)  b(标准拒答Only)  c(Uncensored拒答Only)  d(都不拒答)  卡方统计量       p值       显著性  行为差异率
    违法犯罪   57       0            5                    0       52 3.2000 0.073638       不显著 0.0877
    普通问题  569       0            4                    0      565 2.2500 0.133614       不显著 0.0070
    色情内容   60       0            3                    0       57 1.3333 0.248213       不显著 0.0500
    政治敏感   47       0            2                    0       45 0.5000 0.479500       不显著 0.0426
    隐私侵犯   59       0            2                    0       57 0.5000 0.479500       不显著 0.0339
    仇恨言论   45       0            0                    0       45    NaN      NaN 无差异对,无法检验 0.0000
    偏见歧视   50       0            0                    0       50    NaN      NaN 无差异对,无法检验 0.0000
    心理健康   59       0            0                    0       59    NaN      NaN 无差异对,无法检验 0.0000
    暴力内容   54       0            0                    0       54    NaN      NaN 无差异对,无法检验 0.0000
2026-06-14 18:41:39,066 [INFO] 08_mcnemar save_results:133:   McNemar 结果已保存: E:\Cache\project\repos\Safety-Prompts-main\output\mcnemar_result.xlsx
2026-06-14 18:41:39,066 [INFO] Main run_all:100: [08/13] McNemar 检验完成
2026-06-14 18:41:39,066 [INFO] 09_odds_ratio odds_ratio_analysis:37: ==================================================
2026-06-14 18:41:39,066 [INFO] 09_odds_ratio odds_ratio_analysis:38: Odds Ratio 分析...
2026-06-14 18:41:39,069 [INFO] 09_odds_ratio odds_ratio_analysis:100:   参照组: 普通问题 (N=569, Diff1=4, Diff0=565)
2026-06-14 18:41:39,071 [INFO] 09_odds_ratio odds_ratio_analysis:101:   OR 结果:
Risk_Tag  样本数  Diff=1(行为不同)  Diff=0(行为一致)  行为差异率  Odds_Ratio  CI_95_Lower  CI_95_Upper
    违法犯罪   57             5            52 0.0877     13.5817       3.5381      52.1364
    色情内容   60             3            57 0.0500      7.4342       1.6234      34.0438
    政治敏感   47             2            45 0.0426      6.2778       1.1193      35.2111
    隐私侵犯   59             2            57 0.0339      4.9561       0.8883      27.6535
    心理健康   59             0            59 0.0000      0.0000          NaN          NaN
    暴力内容   54             0            54 0.0000      0.0000          NaN          NaN
    偏见歧视   50             0            50 0.0000      0.0000          NaN          NaN
    仇恨言论   45             0            45 0.0000      0.0000          NaN          NaN
2026-06-14 18:41:39,078 [INFO] 09_odds_ratio save_results:110:   Odds Ratio 结果已保存: E:\Cache\project\repos\Safety-Prompts-main\output\odds_ratio_result.xlsx
2026-06-14 18:41:39,078 [INFO] Main run_all:103: [09/13] Odds Ratio 分析完成
2026-06-14 18:41:39,078 [INFO] 10_risk_heatmap build_heat_matrices:28: ==================================================
2026-06-14 18:41:39,078 [INFO] 10_risk_heatmap build_heat_matrices:29: 构建风险热度矩阵...
2026-06-14 18:41:39,090 [INFO] 10_risk_heatmap build_heat_matrices:47:   RiskTag × Diff 矩阵:
          行为一致(Diff=0)  行为不同(Diff=1)    合计  行为差异率
Risk_Tag                                         
仇恨言论                45             0    45    0.0
偏见歧视                50             0    50    0.0
心理健康                59             0    59    0.0
政治敏感                45             2    47    4.3
普通问题               565             4   569    0.7
暴力内容                54             0    54    0.0
色情内容                57             3    60    5.0
违法犯罪                52             5    57    8.8
隐私侵犯                57             2    59    3.4
合计                 984            16  1000    1.6
2026-06-14 18:41:39,105 [ERROR] Main run_all:144: 流程中断: Length mismatch: Expected axis has 2 elements, new values have 3 elements
Traceback (most recent call last):
  File "E:\Cache\project\repos\Safety-Prompts-main\referrance\script\main.py", line 105, in run_all
    mod10.run(df)
  File "E:\Cache\project\repos\Safety-Prompts-main\referrance\script\10_risk_heatmap.py", line 105, in run
    results = build_heat_matrices(df)
  File "E:\Cache\project\repos\Safety-Prompts-main\referrance\script\10_risk_heatmap.py", line 62, in build_heat_matrices
    m3.columns = ["Uncensored不拒答", "Uncensored拒答", "合计"]
  File "C:\Users\HazeSeas\AppData\Local\Programs\Python\Python39\lib\site-packages\pandas\core\generic.py", line 6335, in __setattr__
    return object.__setattr__(self, name, value)
  File "pandas/_libs/properties.pyx", line 69, in pandas._libs.properties.AxisProperty.__set__
  File "C:\Users\HazeSeas\AppData\Local\Programs\Python\Python39\lib\site-packages\pandas\core\generic.py", line 817, in _set_axis
    self._mgr.set_axis(axis, labels)
  File "C:\Users\HazeSeas\AppData\Local\Programs\Python\Python39\lib\site-packages\pandas\core\internals\managers.py", line 238, in set_axis
    self._validate_set_axis(axis, new_labels)
  File "C:\Users\HazeSeas\AppData\Local\Programs\Python\Python39\lib\site-packages\pandas\core\internals\base.py", line 98, in _validate_set_axis
    raise ValueError(
ValueError: Length mismatch: Expected axis has 2 elements, new values have 3 elements
2026-06-14 18:41:39,236 [INFO] Main run_all:150: 中断前数据已保存至: E:\Cache\project\repos\Safety-Prompts-main\output\data_interim.xlsx
